\BOOKMARK [0][-]{section*.1}{Contents}{}% 1
\BOOKMARK [0][-]{section*.2}{List of Figures}{}% 2
\BOOKMARK [0][-]{chapter.1}{Introduction}{}% 3
\BOOKMARK [1][-]{section.1.1}{Optical Microscopy}{chapter.1}% 4
\BOOKMARK [1][-]{section.1.2}{Phase Imaging}{chapter.1}% 5
\BOOKMARK [1][-]{section.1.3}{Computational Imaging}{chapter.1}% 6
\BOOKMARK [0][-]{chapter.2}{Single-Shot Quantitative Phase Retrieval}{}% 7
\BOOKMARK [1][-]{section.2.1}{Quantitative Phase Imaging}{chapter.2}% 8
\BOOKMARK [1][-]{section.2.2}{Color-Multiplexed Differential Phase Contrast \(cDPC\) }{chapter.2}% 9
\BOOKMARK [1][-]{section.2.3}{Validation}{chapter.2}% 10
\BOOKMARK [1][-]{section.2.4}{High-Throughput Imaging}{chapter.2}% 11
\BOOKMARK [1][-]{section.2.5}{Motion Deblur}{chapter.2}% 12
\BOOKMARK [1][-]{section.2.6}{Phase Imaging with Motion Deblur}{chapter.2}% 13
\BOOKMARK [1][-]{section.2.7}{Validation}{chapter.2}% 14
\BOOKMARK [0][-]{chapter.3}{A Smartphone-Based Portable Computational Imaging System}{}% 15
\BOOKMARK [1][-]{section.3.1}{Portable Microscopy}{chapter.3}% 16
\BOOKMARK [1][-]{section.3.2}{Computational CellScope}{chapter.3}% 17
\BOOKMARK [1][-]{section.3.3}{Domed LED Illumination}{chapter.3}% 18
\BOOKMARK [1][-]{section.3.4}{Multi-Contrast Imaging}{chapter.3}% 19
\BOOKMARK [1][-]{section.3.5}{Digital Refocusing}{chapter.3}% 20
\BOOKMARK [1][-]{section.3.6}{Hardware Implementation}{chapter.3}% 21
\BOOKMARK [0][-]{chapter.4}{Conclusion}{}% 22
\BOOKMARK [1][-]{section.4.1}{Proposed Future Work}{chapter.4}% 23
\BOOKMARK [1][-]{section.4.2}{Acknowledgements}{chapter.4}% 24
\BOOKMARK [0][-]{chapter*.15}{Bibliography}{}% 25
